<?xml version="1.0" encoding="UTF-8"?>
<!-- Generated by org.testng.reporters.JUnitReportReporter -->
<testsuite hostname="DESKTOP-GQLF889" failures="0" tests="1" name="Tests.ParentAddPersonalData" time="6.216" errors="0" timestamp="2021-03-09T12:01:01 EET" skipped="0">
  <testcase classname="Tests.ParentAddPersonalData" name="parentAddPersonalDataTest" time="6.216"/>
  <system-out/>
</testsuite> <!-- Tests.ParentAddPersonalData -->
