<?xml version="1.0" encoding="UTF-8"?>
<!-- Generated by org.testng.reporters.JUnitReportReporter -->
<testsuite hostname="DESKTOP-GQLF889" failures="0" tests="1" name="Tests.ParentDeleteAplicationformTest" time="21.980" errors="0" timestamp="2021-03-15T14:22:18 EET" skipped="0">
  <testcase classname="Tests.ParentDeleteAplicationformTest" name="parentDeleteAplicationform" time="21.980"/>
  <system-out/>
</testsuite> <!-- Tests.ParentDeleteAplicationformTest -->
