<?xml version="1.0" encoding="UTF-8"?>
<!-- Generated by org.testng.reporters.JUnitReportReporter -->
<testsuite hostname="DESKTOP-GQLF889" failures="0" tests="1" name="Tests.StopAndUnlockSpecialistFunctionsTest" time="16.623" errors="0" timestamp="2021-03-17T20:01:57 EET" skipped="0">
  <testcase classname="Tests.StopAndUnlockSpecialistFunctionsTest" name="adminLockUnlockSpecialistFunctions" time="16.623"/>
  <system-out/>
</testsuite> <!-- Tests.StopAndUnlockSpecialistFunctionsTest -->
