<?xml version="1.0" encoding="UTF-8"?>
<!-- Generated by org.testng.reporters.JUnitReportReporter -->
<testsuite hostname="DESKTOP-GQLF889" failures="0" tests="1" name="Tests.ChildRegistrationTest" time="18.680" errors="0" timestamp="2021-03-17T20:01:57 EET" skipped="0">
  <testcase classname="Tests.ChildRegistrationTest" name="pdfUploadTest" time="18.680"/>
  <system-out/>
</testsuite> <!-- Tests.ChildRegistrationTest -->
