<?xml version="1.0" encoding="UTF-8"?>
<!-- Generated by org.testng.reporters.JUnitReportReporter -->
<testsuite hostname="DESKTOP-GQLF889" failures="0" tests="2" name="Tests.SpecialistPageTest" time="14.077" errors="0" timestamp="2021-03-17T19:34:42 EET" skipped="0">
  <testcase classname="Tests.SpecialistPageTest" name="specialistLogoutPageTest" time="9.404"/>
  <system-out/>
  <testcase classname="Tests.SpecialistPageTest" name="specialistLoginPageTest" time="4.673"/>
  <system-out/>
</testsuite> <!-- Tests.SpecialistPageTest -->
