<?xml version="1.0" encoding="UTF-8"?>
<!-- Generated by org.testng.reporters.JUnitReportReporter -->
<testsuite hostname="DESKTOP-GQLF889" failures="0" tests="1" name="Tests.AdminLockUnlockSpecialistFunctionsTest" time="14.336" errors="0" timestamp="2021-03-17T18:00:08 EET" skipped="0">
  <testcase classname="Tests.AdminLockUnlockSpecialistFunctionsTest" name="adminLockUnlockSpecialistFunctions" time="14.336"/>
  <system-out/>
</testsuite> <!-- Tests.AdminLockUnlockSpecialistFunctionsTest -->
