<?xml version="1.0" encoding="UTF-8"?>
<!-- Generated by org.testng.reporters.JUnitReportReporter -->
<testsuite hostname="DESKTOP-GQLF889" failures="0" tests="1" name="Tests.AdminLockedSpecialistFunctionsTest" time="5.161" errors="0" timestamp="2021-03-11T20:34:38 EET" skipped="0">
  <testcase classname="Tests.AdminLockedSpecialistFunctionsTest" name="adminLockedSpecialistFunctions" time="5.161"/>
  <system-out/>
</testsuite> <!-- Tests.AdminLockedSpecialistFunctionsTest -->
